-- Found ament_cmake: 1.3.11 (/opt/ros/humble/share/ament_cmake/cmake)
-- Override CMake install command with custom implementation using symlinks instead of copying resources
-- Found rclcpp: 16.0.12 (/opt/ros/humble/share/rclcpp/cmake)
-- Found rosidl_generator_c: 3.1.6 (/opt/ros/humble/share/rosidl_generator_c/cmake)
-- Found rosidl_adapter: 3.1.6 (/opt/ros/humble/share/rosidl_adapter/cmake)
-- Found rosidl_generator_cpp: 3.1.6 (/opt/ros/humble/share/rosidl_generator_cpp/cmake)
-- Using all available rosidl_typesupport_c: rosidl_typesupport_fastrtps_c;rosidl_typesupport_introspection_c
-- Using all available rosidl_typesupport_cpp: rosidl_typesupport_fastrtps_cpp;rosidl_typesupport_introspection_cpp
-- Found rmw_implementation_cmake: 6.1.2 (/opt/ros/humble/share/rmw_implementation_cmake/cmake)
-- Found rmw_fastrtps_cpp: 6.2.7 (/opt/ros/humble/share/rmw_fastrtps_cpp/cmake)
-- Using RMW implementation 'rmw_fastrtps_cpp' as default
-- Found geometry_msgs: 4.8.0 (/opt/ros/humble/share/geometry_msgs/cmake)
-- Configuring done
-- Generating done
-- Build files have been written to: /home/ichan/ros2_sim/build/bot_sim
[35m[1mConsolidate compiler generated dependencies of target color_segmentation_node[0m
[ 25%] [32mBuilding CXX object CMakeFiles/color_segmentation_node.dir/src/color_segmentation_node.cpp.o[0m
[ 50%] [32mBuilding CXX object CMakeFiles/color_segmentation_node.dir/src/utils.cpp.o[0m
[ 75%] [32mBuilding CXX object CMakeFiles/color_segmentation_node.dir/src/yolov8Predictor.cpp.o[0m
[100%] [32m[1mLinking CXX executable color_segmentation_node[0m
[100%] Built target color_segmentation_node
-- Install configuration: ""
-- Execute custom install script
-- Symlinking: /home/ichan/ros2_sim/install/bot_sim/lib/bot_sim/color_segmentation_node
-- Symlinking: /home/ichan/ros2_sim/install/bot_sim/share/ament_index/resource_index/package_run_dependencies/bot_sim
-- Symlinking: /home/ichan/ros2_sim/install/bot_sim/share/ament_index/resource_index/parent_prefix_path/bot_sim
-- Symlinking: /home/ichan/ros2_sim/install/bot_sim/share/bot_sim/environment/ament_prefix_path.sh
-- Symlinking: /home/ichan/ros2_sim/install/bot_sim/share/bot_sim/environment/ament_prefix_path.dsv
-- Symlinking: /home/ichan/ros2_sim/install/bot_sim/share/bot_sim/environment/path.sh
-- Symlinking: /home/ichan/ros2_sim/install/bot_sim/share/bot_sim/environment/path.dsv
-- Symlinking: /home/ichan/ros2_sim/install/bot_sim/share/bot_sim/local_setup.bash
-- Symlinking: /home/ichan/ros2_sim/install/bot_sim/share/bot_sim/local_setup.sh
-- Symlinking: /home/ichan/ros2_sim/install/bot_sim/share/bot_sim/local_setup.zsh
-- Symlinking: /home/ichan/ros2_sim/install/bot_sim/share/bot_sim/local_setup.dsv
-- Symlinking: /home/ichan/ros2_sim/install/bot_sim/share/bot_sim/package.dsv
-- Symlinking: /home/ichan/ros2_sim/install/bot_sim/share/ament_index/resource_index/packages/bot_sim
-- Symlinking: /home/ichan/ros2_sim/install/bot_sim/share/bot_sim/cmake/bot_simConfig.cmake
-- Symlinking: /home/ichan/ros2_sim/install/bot_sim/share/bot_sim/cmake/bot_simConfig-version.cmake
-- Symlinking: /home/ichan/ros2_sim/install/bot_sim/share/bot_sim/package.xml
