[0.009s] Invoking command in '/home/ichan/ros2_sim/build/bot_sim': CMAKE_PREFIX_PATH=${CMAKE_PREFIX_PATH}:/opt/ros/humble /usr/bin/cmake --build /home/ichan/ros2_sim/build/bot_sim -- -j16 -l16
[0.030s] -- Found ament_cmake: 1.3.11 (/opt/ros/humble/share/ament_cmake/cmake)
[0.122s] -- Override CMake install command with custom implementation using symlinks instead of copying resources
[0.130s] -- Found rclcpp: 16.0.12 (/opt/ros/humble/share/rclcpp/cmake)
[0.153s] -- Found rosidl_generator_c: 3.1.6 (/opt/ros/humble/share/rosidl_generator_c/cmake)
[0.154s] -- Found rosidl_adapter: 3.1.6 (/opt/ros/humble/share/rosidl_adapter/cmake)
[0.158s] -- Found rosidl_generator_cpp: 3.1.6 (/opt/ros/humble/share/rosidl_generator_cpp/cmake)
[0.165s] -- Using all available rosidl_typesupport_c: rosidl_typesupport_fastrtps_c;rosidl_typesupport_introspection_c
[0.175s] -- Using all available rosidl_typesupport_cpp: rosidl_typesupport_fastrtps_cpp;rosidl_typesupport_introspection_cpp
[0.199s] -- Found rmw_implementation_cmake: 6.1.2 (/opt/ros/humble/share/rmw_implementation_cmake/cmake)
[0.200s] -- Found rmw_fastrtps_cpp: 6.2.7 (/opt/ros/humble/share/rmw_fastrtps_cpp/cmake)
[0.285s] -- Using RMW implementation 'rmw_fastrtps_cpp' as default
[0.318s] -- Found geometry_msgs: 4.8.0 (/opt/ros/humble/share/geometry_msgs/cmake)
[0.374s] -- Configuring done
[0.380s] -- Generating done
[0.383s] -- Build files have been written to: /home/ichan/ros2_sim/build/bot_sim
[0.413s] [35m[1mConsolidate compiler generated dependencies of target color_segmentation_node[0m
[0.435s] [ 25%] [32mBuilding CXX object CMakeFiles/color_segmentation_node.dir/src/color_segmentation_node.cpp.o[0m
[0.435s] [ 50%] [32mBuilding CXX object CMakeFiles/color_segmentation_node.dir/src/utils.cpp.o[0m
[0.436s] [ 75%] [32mBuilding CXX object CMakeFiles/color_segmentation_node.dir/src/yolov8Predictor.cpp.o[0m
[5.120s] [100%] [32m[1mLinking CXX executable color_segmentation_node[0m
[5.430s] [100%] Built target color_segmentation_node
[5.444s] Invoked command in '/home/ichan/ros2_sim/build/bot_sim' returned '0': CMAKE_PREFIX_PATH=${CMAKE_PREFIX_PATH}:/opt/ros/humble /usr/bin/cmake --build /home/ichan/ros2_sim/build/bot_sim -- -j16 -l16
[5.456s] Invoking command in '/home/ichan/ros2_sim/build/bot_sim': CMAKE_PREFIX_PATH=${CMAKE_PREFIX_PATH}:/opt/ros/humble /usr/bin/cmake --install /home/ichan/ros2_sim/build/bot_sim
[5.463s] -- Install configuration: ""
[5.464s] -- Execute custom install script
[5.464s] -- Symlinking: /home/ichan/ros2_sim/install/bot_sim/lib/bot_sim/color_segmentation_node
[5.470s] -- Symlinking: /home/ichan/ros2_sim/install/bot_sim/share/ament_index/resource_index/package_run_dependencies/bot_sim
[5.476s] -- Symlinking: /home/ichan/ros2_sim/install/bot_sim/share/ament_index/resource_index/parent_prefix_path/bot_sim
[5.486s] -- Symlinking: /home/ichan/ros2_sim/install/bot_sim/share/bot_sim/environment/ament_prefix_path.sh
[5.498s] -- Symlinking: /home/ichan/ros2_sim/install/bot_sim/share/bot_sim/environment/ament_prefix_path.dsv
[5.509s] -- Symlinking: /home/ichan/ros2_sim/install/bot_sim/share/bot_sim/environment/path.sh
[5.521s] -- Symlinking: /home/ichan/ros2_sim/install/bot_sim/share/bot_sim/environment/path.dsv
[5.534s] -- Symlinking: /home/ichan/ros2_sim/install/bot_sim/share/bot_sim/local_setup.bash
[5.545s] -- Symlinking: /home/ichan/ros2_sim/install/bot_sim/share/bot_sim/local_setup.sh
[5.554s] -- Symlinking: /home/ichan/ros2_sim/install/bot_sim/share/bot_sim/local_setup.zsh
[5.562s] -- Symlinking: /home/ichan/ros2_sim/install/bot_sim/share/bot_sim/local_setup.dsv
[5.570s] -- Symlinking: /home/ichan/ros2_sim/install/bot_sim/share/bot_sim/package.dsv
[5.582s] -- Symlinking: /home/ichan/ros2_sim/install/bot_sim/share/ament_index/resource_index/packages/bot_sim
[5.594s] -- Symlinking: /home/ichan/ros2_sim/install/bot_sim/share/bot_sim/cmake/bot_simConfig.cmake
[5.607s] -- Symlinking: /home/ichan/ros2_sim/install/bot_sim/share/bot_sim/cmake/bot_simConfig-version.cmake
[5.614s] -- Symlinking: /home/ichan/ros2_sim/install/bot_sim/share/bot_sim/package.xml
[5.623s] Invoked command in '/home/ichan/ros2_sim/build/bot_sim' returned '0': CMAKE_PREFIX_PATH=${CMAKE_PREFIX_PATH}:/opt/ros/humble /usr/bin/cmake --install /home/ichan/ros2_sim/build/bot_sim
