[0.007s] Invoking command in '/home/ichan/ros2_sim/build/bot_sim': CMAKE_PREFIX_PATH=${CMAKE_PREFIX_PATH}:/opt/ros/humble /usr/bin/cmake /home/ichan/ros2_sim/src/bot_sim -DAMENT_CMAKE_SYMLINK_INSTALL=1 -DCMAKE_INSTALL_PREFIX=/home/ichan/ros2_sim/install/bot_sim
[0.015s] -- Found ament_cmake: 1.3.11 (/opt/ros/humble/share/ament_cmake/cmake)
[0.102s] -- Override CMake install command with custom implementation using symlinks instead of copying resources
[0.107s] -- Found rclcpp: 16.0.12 (/opt/ros/humble/share/rclcpp/cmake)
[0.126s] -- Found rosidl_generator_c: 3.1.6 (/opt/ros/humble/share/rosidl_generator_c/cmake)
[0.128s] -- Found rosidl_adapter: 3.1.6 (/opt/ros/humble/share/rosidl_adapter/cmake)
[0.132s] -- Found rosidl_generator_cpp: 3.1.6 (/opt/ros/humble/share/rosidl_generator_cpp/cmake)
[0.138s] -- Using all available rosidl_typesupport_c: rosidl_typesupport_fastrtps_c;rosidl_typesupport_introspection_c
[0.146s] -- Using all available rosidl_typesupport_cpp: rosidl_typesupport_fastrtps_cpp;rosidl_typesupport_introspection_cpp
[0.167s] -- Found rmw_implementation_cmake: 6.1.2 (/opt/ros/humble/share/rmw_implementation_cmake/cmake)
[0.168s] -- Found rmw_fastrtps_cpp: 6.2.7 (/opt/ros/humble/share/rmw_fastrtps_cpp/cmake)
[0.240s] -- Using RMW implementation 'rmw_fastrtps_cpp' as default
[0.273s] -- Found geometry_msgs: 4.8.0 (/opt/ros/humble/share/geometry_msgs/cmake)
[0.326s] [31mCMake Error at CMakeLists.txt:71 (add_executable):
[0.326s]   add_executable cannot create target "yolo_object_tracking_node" because
[0.326s]   another target with the same name already exists.  The existing target is
[0.327s]   an executable created in source directory
[0.327s]   "/home/ichan/ros2_sim/src/bot_sim".  See documentation for policy CMP0002
[0.327s]   for more details.
[0.327s] 
[0.327s] [0m
[0.328s] [31mCMake Error at /opt/ros/humble/share/ament_cmake_core/cmake/environment_hooks/ament_environment_hooks.cmake:29 (message):
[0.328s]   ament_environment_hooks() must be called before
[0.328s]   ament_generate_package_environment() (which is invoked by ament_package())
[0.328s] Call Stack (most recent call first):
[0.328s]   /opt/ros/humble/share/ament_cmake_core/cmake/environment_hooks/ament_cmake_environment_hooks_package_hook.cmake:20 (ament_environment_hooks)
[0.328s]   /opt/ros/humble/share/ament_cmake_core/cmake/core/ament_execute_extensions.cmake:48 (include)
[0.328s]   /opt/ros/humble/share/ament_cmake_core/cmake/core/ament_package.cmake:66 (ament_execute_extensions)
[0.328s]   CMakeLists.txt:96 (ament_package)
[0.328s] 
[0.329s] [0m
[0.329s] -- Configuring incomplete, errors occurred!
[0.329s] See also "/home/ichan/ros2_sim/build/bot_sim/CMakeFiles/CMakeOutput.log".
[0.335s] Invoked command in '/home/ichan/ros2_sim/build/bot_sim' returned '1': CMAKE_PREFIX_PATH=${CMAKE_PREFIX_PATH}:/opt/ros/humble /usr/bin/cmake /home/ichan/ros2_sim/src/bot_sim -DAMENT_CMAKE_SYMLINK_INSTALL=1 -DCMAKE_INSTALL_PREFIX=/home/ichan/ros2_sim/install/bot_sim
