[0.079s] [34mcolcon[0m [1;30mDEBUG[0m [32mCommand line arguments: ['/usr/bin/colcon', 'build', '--symlink-install'][0m
[0.079s] [34mcolcon[0m [1;30mDEBUG[0m [32mParsed command line arguments: Namespace(log_base=None, log_level=None, verb_name='build', build_base='build', install_base='install', merge_install=False, symlink_install=True, test_result_base=None, continue_on_error=False, executor='parallel', parallel_workers=16, event_handlers=None, ignore_user_meta=False, metas=['./colcon.meta'], base_paths=['.'], packages_ignore=None, packages_ignore_regex=None, paths=None, packages_up_to=None, packages_up_to_regex=None, packages_above=None, packages_above_and_dependencies=None, packages_above_depth=None, packages_select_by_dep=None, packages_skip_by_dep=None, packages_skip_up_to=None, packages_select_build_failed=False, packages_skip_build_finished=False, packages_select_test_failures=False, packages_skip_test_passed=False, packages_select=None, packages_skip=None, packages_select_regex=None, packages_skip_regex=None, packages_start=None, packages_end=None, allow_overriding=[], cmake_args=None, cmake_target=None, cmake_target_skip_unavailable=False, cmake_clean_cache=False, cmake_clean_first=False, cmake_force_configure=False, ament_cmake_args=None, catkin_cmake_args=None, catkin_skip_building_tests=False, verb_parser=<colcon_defaults.argument_parser.defaults.DefaultArgumentsDecorator object at 0x76e677fee5c0>, verb_extension=<colcon_core.verb.build.BuildVerb object at 0x76e677f87340>, main=<bound method BuildVerb.main of <colcon_core.verb.build.BuildVerb object at 0x76e677f87340>>)[0m
[0.190s] [34mcolcon.colcon_core.package_discovery[0m [1;30mLevel 1[0m discover_packages(colcon_meta) check parameters
[0.190s] [34mcolcon.colcon_core.package_discovery[0m [1;30mLevel 1[0m discover_packages(recursive) check parameters
[0.190s] [34mcolcon.colcon_core.package_discovery[0m [1;30mLevel 1[0m discover_packages(ignore) check parameters
[0.190s] [34mcolcon.colcon_core.package_discovery[0m [1;30mLevel 1[0m discover_packages(path) check parameters
[0.190s] [34mcolcon.colcon_core.package_discovery[0m [1;30mLevel 1[0m discover_packages(colcon_meta) discover
[0.190s] [34mcolcon.colcon_core.package_discovery[0m [1;30mLevel 1[0m discover_packages(recursive) discover
[0.190s] [34mcolcon.colcon_core.package_discovery[0m [1;30mINFO[0m Crawling recursively for packages in '/home/ichan/ros2_sim'
[0.190s] [34mcolcon.colcon_core.package_identification[0m [1;30mLevel 1[0m _identify(.) by extensions ['ignore', 'ignore_ament_install']
[0.191s] [34mcolcon.colcon_core.package_identification[0m [1;30mLevel 1[0m _identify(.) by extension 'ignore'
[0.191s] [34mcolcon.colcon_core.package_identification[0m [1;30mLevel 1[0m _identify(.) by extension 'ignore_ament_install'
[0.191s] [34mcolcon.colcon_core.package_identification[0m [1;30mLevel 1[0m _identify(.) by extensions ['colcon_pkg']
[0.191s] [34mcolcon.colcon_core.package_identification[0m [1;30mLevel 1[0m _identify(.) by extension 'colcon_pkg'
[0.191s] [34mcolcon.colcon_core.package_identification[0m [1;30mLevel 1[0m _identify(.) by extensions ['colcon_meta']
[0.191s] [34mcolcon.colcon_core.package_identification[0m [1;30mLevel 1[0m _identify(.) by extension 'colcon_meta'
[0.191s] [34mcolcon.colcon_core.package_identification[0m [1;30mLevel 1[0m _identify(.) by extensions ['ros']
[0.191s] [34mcolcon.colcon_core.package_identification[0m [1;30mLevel 1[0m _identify(.) by extension 'ros'
[0.199s] [34mcolcon.colcon_core.package_identification[0m [1;30mLevel 1[0m _identify(.) by extensions ['cmake', 'python']
[0.199s] [34mcolcon.colcon_core.package_identification[0m [1;30mLevel 1[0m _identify(.) by extension 'cmake'
[0.199s] [34mcolcon.colcon_core.package_identification[0m [1;30mLevel 1[0m _identify(.) by extension 'python'
[0.199s] [34mcolcon.colcon_core.package_identification[0m [1;30mLevel 1[0m _identify(.) by extensions ['python_setup_py']
[0.199s] [34mcolcon.colcon_core.package_identification[0m [1;30mLevel 1[0m _identify(.) by extension 'python_setup_py'
[0.199s] [34mcolcon.colcon_core.package_identification[0m [1;30mLevel 1[0m _identify(build) by extensions ['ignore', 'ignore_ament_install']
[0.199s] [34mcolcon.colcon_core.package_identification[0m [1;30mLevel 1[0m _identify(build) by extension 'ignore'
[0.199s] [34mcolcon.colcon_core.package_identification[0m [1;30mLevel 1[0m _identify(build) ignored
[0.200s] [34mcolcon.colcon_core.package_identification[0m [1;30mLevel 1[0m _identify(install) by extensions ['ignore', 'ignore_ament_install']
[0.200s] [34mcolcon.colcon_core.package_identification[0m [1;30mLevel 1[0m _identify(install) by extension 'ignore'
[0.200s] [34mcolcon.colcon_core.package_identification[0m [1;30mLevel 1[0m _identify(install) ignored
[0.200s] [34mcolcon.colcon_core.package_identification[0m [1;30mLevel 1[0m _identify(log) by extensions ['ignore', 'ignore_ament_install']
[0.200s] [34mcolcon.colcon_core.package_identification[0m [1;30mLevel 1[0m _identify(log) by extension 'ignore'
[0.200s] [34mcolcon.colcon_core.package_identification[0m [1;30mLevel 1[0m _identify(log) ignored
[0.200s] [34mcolcon.colcon_core.package_identification[0m [1;30mLevel 1[0m _identify(src) by extensions ['ignore', 'ignore_ament_install']
[0.200s] [34mcolcon.colcon_core.package_identification[0m [1;30mLevel 1[0m _identify(src) by extension 'ignore'
[0.200s] [34mcolcon.colcon_core.package_identification[0m [1;30mLevel 1[0m _identify(src) by extension 'ignore_ament_install'
[0.200s] [34mcolcon.colcon_core.package_identification[0m [1;30mLevel 1[0m _identify(src) by extensions ['colcon_pkg']
[0.200s] [34mcolcon.colcon_core.package_identification[0m [1;30mLevel 1[0m _identify(src) by extension 'colcon_pkg'
[0.200s] [34mcolcon.colcon_core.package_identification[0m [1;30mLevel 1[0m _identify(src) by extensions ['colcon_meta']
[0.200s] [34mcolcon.colcon_core.package_identification[0m [1;30mLevel 1[0m _identify(src) by extension 'colcon_meta'
[0.200s] [34mcolcon.colcon_core.package_identification[0m [1;30mLevel 1[0m _identify(src) by extensions ['ros']
[0.200s] [34mcolcon.colcon_core.package_identification[0m [1;30mLevel 1[0m _identify(src) by extension 'ros'
[0.200s] [34mcolcon.colcon_core.package_identification[0m [1;30mLevel 1[0m _identify(src) by extensions ['cmake', 'python']
[0.200s] [34mcolcon.colcon_core.package_identification[0m [1;30mLevel 1[0m _identify(src) by extension 'cmake'
[0.200s] [34mcolcon.colcon_core.package_identification[0m [1;30mLevel 1[0m _identify(src) by extension 'python'
[0.200s] [34mcolcon.colcon_core.package_identification[0m [1;30mLevel 1[0m _identify(src) by extensions ['python_setup_py']
[0.200s] [34mcolcon.colcon_core.package_identification[0m [1;30mLevel 1[0m _identify(src) by extension 'python_setup_py'
[0.200s] [34mcolcon.colcon_core.package_identification[0m [1;30mLevel 1[0m _identify(src/bot_sim) by extensions ['ignore', 'ignore_ament_install']
[0.200s] [34mcolcon.colcon_core.package_identification[0m [1;30mLevel 1[0m _identify(src/bot_sim) by extension 'ignore'
[0.200s] [34mcolcon.colcon_core.package_identification[0m [1;30mLevel 1[0m _identify(src/bot_sim) by extension 'ignore_ament_install'
[0.200s] [34mcolcon.colcon_core.package_identification[0m [1;30mLevel 1[0m _identify(src/bot_sim) by extensions ['colcon_pkg']
[0.200s] [34mcolcon.colcon_core.package_identification[0m [1;30mLevel 1[0m _identify(src/bot_sim) by extension 'colcon_pkg'
[0.200s] [34mcolcon.colcon_core.package_identification[0m [1;30mLevel 1[0m _identify(src/bot_sim) by extensions ['colcon_meta']
[0.200s] [34mcolcon.colcon_core.package_identification[0m [1;30mLevel 1[0m _identify(src/bot_sim) by extension 'colcon_meta'
[0.200s] [34mcolcon.colcon_core.package_identification[0m [1;30mLevel 1[0m _identify(src/bot_sim) by extensions ['ros']
[0.200s] [34mcolcon.colcon_core.package_identification[0m [1;30mLevel 1[0m _identify(src/bot_sim) by extension 'ros'
[0.202s] [34mcolcon.colcon_core.package_identification[0m [1;30mDEBUG[0m [32mPackage 'src/bot_sim' with type 'ros.ament_cmake' and name 'bot_sim'[0m
[0.202s] [34mcolcon.colcon_core.package_discovery[0m [1;30mLevel 1[0m discover_packages(recursive) using defaults
[0.202s] [34mcolcon.colcon_core.package_discovery[0m [1;30mLevel 1[0m discover_packages(ignore) discover
[0.202s] [34mcolcon.colcon_core.package_discovery[0m [1;30mLevel 1[0m discover_packages(ignore) using defaults
[0.202s] [34mcolcon.colcon_core.package_discovery[0m [1;30mLevel 1[0m discover_packages(path) discover
[0.202s] [34mcolcon.colcon_core.package_discovery[0m [1;30mLevel 1[0m discover_packages(path) using defaults
[0.222s] [34mcolcon.colcon_core.package_discovery[0m [1;30mLevel 1[0m discover_packages(prefix_path) check parameters
[0.222s] [34mcolcon.colcon_core.package_discovery[0m [1;30mLevel 1[0m discover_packages(prefix_path) discover
[0.223s] [34mcolcon.colcon_installed_package_information.package_discovery[0m [1;30mDEBUG[0m [32mFound 1 installed packages in /home/ichan/ros2_sim/install[0m
[0.224s] [34mcolcon.colcon_installed_package_information.package_discovery[0m [1;30mDEBUG[0m [32mFound 356 installed packages in /opt/ros/humble[0m
[0.226s] [34mcolcon.colcon_core.package_discovery[0m [1;30mLevel 1[0m discover_packages(prefix_path) using defaults
[0.254s] [34mcolcon.colcon_core.verb[0m [1;30mLevel 5[0m set package 'bot_sim' build argument 'cmake_args' from command line to 'None'
[0.255s] [34mcolcon.colcon_core.verb[0m [1;30mLevel 5[0m set package 'bot_sim' build argument 'cmake_target' from command line to 'None'
[0.255s] [34mcolcon.colcon_core.verb[0m [1;30mLevel 5[0m set package 'bot_sim' build argument 'cmake_target_skip_unavailable' from command line to 'False'
[0.255s] [34mcolcon.colcon_core.verb[0m [1;30mLevel 5[0m set package 'bot_sim' build argument 'cmake_clean_cache' from command line to 'False'
[0.255s] [34mcolcon.colcon_core.verb[0m [1;30mLevel 5[0m set package 'bot_sim' build argument 'cmake_clean_first' from command line to 'False'
[0.255s] [34mcolcon.colcon_core.verb[0m [1;30mLevel 5[0m set package 'bot_sim' build argument 'cmake_force_configure' from command line to 'False'
[0.255s] [34mcolcon.colcon_core.verb[0m [1;30mLevel 5[0m set package 'bot_sim' build argument 'ament_cmake_args' from command line to 'None'
[0.255s] [34mcolcon.colcon_core.verb[0m [1;30mLevel 5[0m set package 'bot_sim' build argument 'catkin_cmake_args' from command line to 'None'
[0.255s] [34mcolcon.colcon_core.verb[0m [1;30mLevel 5[0m set package 'bot_sim' build argument 'catkin_skip_building_tests' from command line to 'False'
[0.255s] [34mcolcon.colcon_core.verb[0m [1;30mDEBUG[0m [32mBuilding package 'bot_sim' with the following arguments: {'ament_cmake_args': None, 'build_base': '/home/ichan/ros2_sim/build/bot_sim', 'catkin_cmake_args': None, 'catkin_skip_building_tests': False, 'cmake_args': None, 'cmake_clean_cache': False, 'cmake_clean_first': False, 'cmake_force_configure': False, 'cmake_target': None, 'cmake_target_skip_unavailable': False, 'install_base': '/home/ichan/ros2_sim/install/bot_sim', 'merge_install': False, 'path': '/home/ichan/ros2_sim/src/bot_sim', 'symlink_install': True, 'test_result_base': None}[0m
[0.255s] [34mcolcon.colcon_core.executor[0m [1;30mINFO[0m Executing jobs using 'parallel' executor
[0.256s] [34mcolcon.colcon_parallel_executor.executor.parallel[0m [1;30mDEBUG[0m [32mrun_until_complete[0m
[0.256s] [34mcolcon.colcon_ros.task.ament_cmake.build[0m [1;30mINFO[0m Building ROS package in '/home/ichan/ros2_sim/src/bot_sim' with build type 'ament_cmake'
[0.256s] [34mcolcon.colcon_cmake.task.cmake.build[0m [1;30mINFO[0m Building CMake package in '/home/ichan/ros2_sim/src/bot_sim'
[0.257s] [34mcolcon.colcon_core.plugin_system[0m [1;30mINFO[0m Skipping extension 'colcon_core.shell.bat': Not used on non-Windows systems
[0.258s] [34mcolcon.colcon_core.shell[0m [1;30mINFO[0m Skip shell extension 'powershell' for command environment: Not usable outside of PowerShell
[0.258s] [34mcolcon.colcon_core.shell[0m [1;30mDEBUG[0m [32mSkip shell extension 'dsv' for command environment[0m
[0.266s] [34mcolcon.colcon_core.event_handler.log_command[0m [1;30mDEBUG[0m [32mInvoking command in '/home/ichan/ros2_sim/build/bot_sim': CMAKE_PREFIX_PATH=${CMAKE_PREFIX_PATH}:/opt/ros/humble /usr/bin/cmake --build /home/ichan/ros2_sim/build/bot_sim -- -j16 -l16[0m
[5.700s] [34mcolcon.colcon_core.event_handler.log_command[0m [1;30mDEBUG[0m [32mInvoked command in '/home/ichan/ros2_sim/build/bot_sim' returned '0': CMAKE_PREFIX_PATH=${CMAKE_PREFIX_PATH}:/opt/ros/humble /usr/bin/cmake --build /home/ichan/ros2_sim/build/bot_sim -- -j16 -l16[0m
[5.712s] [34mcolcon.colcon_core.event_handler.log_command[0m [1;30mDEBUG[0m [32mInvoking command in '/home/ichan/ros2_sim/build/bot_sim': CMAKE_PREFIX_PATH=${CMAKE_PREFIX_PATH}:/opt/ros/humble /usr/bin/cmake --install /home/ichan/ros2_sim/build/bot_sim[0m
[5.879s] [34mcolcon.colcon_core.environment[0m [1;30mLevel 1[0m create_environment_scripts_only(bot_sim)
[5.880s] [34mcolcon.colcon_core.event_handler.log_command[0m [1;30mDEBUG[0m [32mInvoked command in '/home/ichan/ros2_sim/build/bot_sim' returned '0': CMAKE_PREFIX_PATH=${CMAKE_PREFIX_PATH}:/opt/ros/humble /usr/bin/cmake --install /home/ichan/ros2_sim/build/bot_sim[0m
[5.882s] [34mcolcon.colcon_core.environment[0m [1;30mLevel 1[0m checking '/home/ichan/ros2_sim/install/bot_sim' for CMake module files
[5.882s] [34mcolcon.colcon_core.environment[0m [1;30mLevel 1[0m checking '/home/ichan/ros2_sim/install/bot_sim' for CMake config files
[5.883s] [34mcolcon.colcon_core.shell[0m [1;30mLevel 1[0m create_environment_hook('bot_sim', 'cmake_prefix_path')
[5.883s] [34mcolcon.colcon_core.shell[0m [1;30mINFO[0m Creating environment hook '/home/ichan/ros2_sim/install/bot_sim/share/bot_sim/hook/cmake_prefix_path.ps1'
[5.884s] [34mcolcon.colcon_core.shell[0m [1;30mINFO[0m Creating environment descriptor '/home/ichan/ros2_sim/install/bot_sim/share/bot_sim/hook/cmake_prefix_path.dsv'
[5.884s] [34mcolcon.colcon_core.shell[0m [1;30mINFO[0m Creating environment hook '/home/ichan/ros2_sim/install/bot_sim/share/bot_sim/hook/cmake_prefix_path.sh'
[5.885s] [34mcolcon.colcon_core.environment[0m [1;30mLevel 1[0m checking '/home/ichan/ros2_sim/install/bot_sim/lib'
[5.885s] [34mcolcon.colcon_core.environment[0m [1;30mLevel 1[0m checking '/home/ichan/ros2_sim/install/bot_sim/bin'
[5.885s] [34mcolcon.colcon_core.environment[0m [1;30mLevel 1[0m checking '/home/ichan/ros2_sim/install/bot_sim/lib/pkgconfig/bot_sim.pc'
[5.885s] [34mcolcon.colcon_core.environment[0m [1;30mLevel 1[0m checking '/home/ichan/ros2_sim/install/bot_sim/lib/python3.10/site-packages'
[5.886s] [34mcolcon.colcon_core.environment[0m [1;30mLevel 1[0m checking '/home/ichan/ros2_sim/install/bot_sim/bin'
[5.886s] [34mcolcon.colcon_core.shell[0m [1;30mINFO[0m Creating package script '/home/ichan/ros2_sim/install/bot_sim/share/bot_sim/package.ps1'
[5.886s] [34mcolcon.colcon_core.shell[0m [1;30mINFO[0m Creating package descriptor '/home/ichan/ros2_sim/install/bot_sim/share/bot_sim/package.dsv'
[5.887s] [34mcolcon.colcon_core.shell[0m [1;30mINFO[0m Creating package script '/home/ichan/ros2_sim/install/bot_sim/share/bot_sim/package.sh'
[5.887s] [34mcolcon.colcon_core.shell[0m [1;30mINFO[0m Creating package script '/home/ichan/ros2_sim/install/bot_sim/share/bot_sim/package.bash'
[5.888s] [34mcolcon.colcon_core.shell[0m [1;30mINFO[0m Creating package script '/home/ichan/ros2_sim/install/bot_sim/share/bot_sim/package.zsh'
[5.888s] [34mcolcon.colcon_core.environment[0m [1;30mLevel 1[0m create_file_with_runtime_dependencies(/home/ichan/ros2_sim/install/bot_sim/share/colcon-core/packages/bot_sim)
[5.888s] [34mcolcon.colcon_core.environment[0m [1;30mLevel 1[0m create_environment_scripts_only(bot_sim)
[5.889s] [34mcolcon.colcon_core.environment[0m [1;30mLevel 1[0m checking '/home/ichan/ros2_sim/install/bot_sim' for CMake module files
[5.889s] [34mcolcon.colcon_core.environment[0m [1;30mLevel 1[0m checking '/home/ichan/ros2_sim/install/bot_sim' for CMake config files
[5.889s] [34mcolcon.colcon_core.shell[0m [1;30mLevel 1[0m create_environment_hook('bot_sim', 'cmake_prefix_path')
[5.889s] [34mcolcon.colcon_core.shell[0m [1;30mINFO[0m Creating environment hook '/home/ichan/ros2_sim/install/bot_sim/share/bot_sim/hook/cmake_prefix_path.ps1'
[5.889s] [34mcolcon.colcon_core.shell[0m [1;30mINFO[0m Creating environment descriptor '/home/ichan/ros2_sim/install/bot_sim/share/bot_sim/hook/cmake_prefix_path.dsv'
[5.890s] [34mcolcon.colcon_core.shell[0m [1;30mINFO[0m Creating environment hook '/home/ichan/ros2_sim/install/bot_sim/share/bot_sim/hook/cmake_prefix_path.sh'
[5.890s] [34mcolcon.colcon_core.environment[0m [1;30mLevel 1[0m checking '/home/ichan/ros2_sim/install/bot_sim/lib'
[5.890s] [34mcolcon.colcon_core.environment[0m [1;30mLevel 1[0m checking '/home/ichan/ros2_sim/install/bot_sim/bin'
[5.890s] [34mcolcon.colcon_core.environment[0m [1;30mLevel 1[0m checking '/home/ichan/ros2_sim/install/bot_sim/lib/pkgconfig/bot_sim.pc'
[5.890s] [34mcolcon.colcon_core.environment[0m [1;30mLevel 1[0m checking '/home/ichan/ros2_sim/install/bot_sim/lib/python3.10/site-packages'
[5.890s] [34mcolcon.colcon_core.environment[0m [1;30mLevel 1[0m checking '/home/ichan/ros2_sim/install/bot_sim/bin'
[5.890s] [34mcolcon.colcon_core.shell[0m [1;30mINFO[0m Creating package script '/home/ichan/ros2_sim/install/bot_sim/share/bot_sim/package.ps1'
[5.891s] [34mcolcon.colcon_core.shell[0m [1;30mINFO[0m Creating package descriptor '/home/ichan/ros2_sim/install/bot_sim/share/bot_sim/package.dsv'
[5.891s] [34mcolcon.colcon_core.shell[0m [1;30mINFO[0m Creating package script '/home/ichan/ros2_sim/install/bot_sim/share/bot_sim/package.sh'
[5.891s] [34mcolcon.colcon_core.shell[0m [1;30mINFO[0m Creating package script '/home/ichan/ros2_sim/install/bot_sim/share/bot_sim/package.bash'
[5.892s] [34mcolcon.colcon_core.shell[0m [1;30mINFO[0m Creating package script '/home/ichan/ros2_sim/install/bot_sim/share/bot_sim/package.zsh'
[5.892s] [34mcolcon.colcon_core.environment[0m [1;30mLevel 1[0m create_file_with_runtime_dependencies(/home/ichan/ros2_sim/install/bot_sim/share/colcon-core/packages/bot_sim)
[5.892s] [34mcolcon.colcon_parallel_executor.executor.parallel[0m [1;30mDEBUG[0m [32mclosing loop[0m
[5.892s] [34mcolcon.colcon_parallel_executor.executor.parallel[0m [1;30mDEBUG[0m [32mloop closed[0m
[5.892s] [34mcolcon.colcon_parallel_executor.executor.parallel[0m [1;30mDEBUG[0m [32mrun_until_complete finished with '0'[0m
[5.892s] [34mcolcon.colcon_core.event_reactor[0m [1;30mDEBUG[0m [32mjoining thread[0m
[5.896s] [34mcolcon.colcon_core.plugin_system[0m [1;30mINFO[0m Skipping extension 'colcon_notification.desktop_notification.terminal_notifier': Not used on non-Darwin systems
[5.896s] [34mcolcon.colcon_core.plugin_system[0m [1;30mINFO[0m Skipping extension 'colcon_notification.desktop_notification.win32': Not used on non-Windows systems
[5.896s] [34mcolcon.colcon_notification.desktop_notification[0m [1;30mINFO[0m Sending desktop notification using 'notify2'
[5.904s] [34mcolcon.colcon_core.event_reactor[0m [1;30mDEBUG[0m [32mjoined thread[0m
[5.904s] [34mcolcon.colcon_core.shell[0m [1;30mINFO[0m Creating prefix script '/home/ichan/ros2_sim/install/local_setup.ps1'
[5.905s] [34mcolcon.colcon_core.shell[0m [1;30mINFO[0m Creating prefix util module '/home/ichan/ros2_sim/install/_local_setup_util_ps1.py'
[5.906s] [34mcolcon.colcon_core.shell[0m [1;30mINFO[0m Creating prefix chain script '/home/ichan/ros2_sim/install/setup.ps1'
[5.906s] [34mcolcon.colcon_core.shell[0m [1;30mINFO[0m Creating prefix script '/home/ichan/ros2_sim/install/local_setup.sh'
[5.907s] [34mcolcon.colcon_core.shell[0m [1;30mINFO[0m Creating prefix util module '/home/ichan/ros2_sim/install/_local_setup_util_sh.py'
[5.907s] [34mcolcon.colcon_core.shell[0m [1;30mINFO[0m Creating prefix chain script '/home/ichan/ros2_sim/install/setup.sh'
[5.908s] [34mcolcon.colcon_core.shell[0m [1;30mINFO[0m Creating prefix script '/home/ichan/ros2_sim/install/local_setup.bash'
[5.908s] [34mcolcon.colcon_core.shell[0m [1;30mINFO[0m Creating prefix chain script '/home/ichan/ros2_sim/install/setup.bash'
[5.909s] [34mcolcon.colcon_core.shell[0m [1;30mINFO[0m Creating prefix script '/home/ichan/ros2_sim/install/local_setup.zsh'
[5.909s] [34mcolcon.colcon_core.shell[0m [1;30mINFO[0m Creating prefix chain script '/home/ichan/ros2_sim/install/setup.zsh'
